[ 2017-05-22T10:22:19+08:00 ] ::1 /caiyang/newteng.php?s=/System/clearCache
INFO: [ app_init ] --START--
INFO: Run Behavior\BuildLiteBehavior [ RunTime:0.000000s ]
INFO: [ app_init ] --END-- [ RunTime:0.001000s ]
INFO: [ app_begin ] --START--
INFO: Run Behavior\ReadHtmlCacheBehavior [ RunTime:0.000000s ]
INFO: [ app_begin ] --END-- [ RunTime:0.000000s ]
INFO: [ app_end ] --START--
INFO: Run Behavior\ShowPageTraceBehavior [ RunTime:0.000000s ]
INFO: [ app_end ] --END-- [ RunTime:0.000000s ]

[ 2017-05-22T10:22:19+08:00 ] ::1 /caiyang/newteng.php?s=/System/clearCache
INFO: [ app_init ] --START--
INFO: Run Behavior\BuildLiteBehavior [ RunTime:0.000000s ]
INFO: [ app_init ] --END-- [ RunTime:0.000000s ]
INFO: [ app_begin ] --START--
INFO: Run Behavior\ReadHtmlCacheBehavior [ RunTime:0.000000s ]
INFO: [ app_begin ] --END-- [ RunTime:0.000000s ]
SQL: SHOW COLUMNS FROM `newt_config` [ RunTime:0.0030s ]
SQL: SELECT `name`,`value`,`typeid` FROM `newt_config`  [ RunTime:0.0000s ]
INFO: [ app_end ] --START--
INFO: Run Behavior\ShowPageTraceBehavior [ RunTime:0.001000s ]
INFO: [ app_end ] --END-- [ RunTime:0.001000s ]

[ 2017-05-22T13:36:37+08:00 ] ::1 /caiyang/newteng.php?s=/Login/login
INFO: [ app_begin ] --START--
INFO: Run Behavior\ReadHtmlCacheBehavior [ RunTime:0.000000s ]
INFO: [ app_begin ] --END-- [ RunTime:0.001000s ]

[ 2017-05-22T13:36:44+08:00 ] ::1 /caiyang/newteng.php?s=/Login/login
INFO: [ app_begin ] --START--
INFO: Run Behavior\ReadHtmlCacheBehavior [ RunTime:0.001000s ]
INFO: [ app_begin ] --END-- [ RunTime:0.001000s ]
SQL: SHOW COLUMNS FROM `newt_admin` [ RunTime:0.0050s ]
SQL: SELECT * FROM `newt_admin` WHERE `username` = 'newteng' LIMIT 1   [ RunTime:0.0000s ]
SQL: UPDATE `newt_admin` SET `logintime`='1495431404',`loginip`='0.0.0.0' WHERE `id` = 1 [ RunTime:0.0000s ]
SQL: SHOW COLUMNS FROM `newt_role_user` [ RunTime:0.0040s ]
SQL: SELECT `role_id` FROM `newt_role_user` WHERE `user_id` = '1' LIMIT 1   [ RunTime:0.0000s ]

[ 2017-05-22T13:36:46+08:00 ] ::1 /caiyang/newteng.php?s=/Index/getParentCate&pid=0&rnd=67018
INFO: [ app_begin ] --START--
INFO: Run Behavior\ReadHtmlCacheBehavior [ RunTime:0.000000s ]
INFO: [ app_begin ] --END-- [ RunTime:0.001000s ]
SQL: SHOW COLUMNS FROM `newt_category` [ RunTime:0.0030s ]
SQL: SHOW COLUMNS FROM `newt_model` [ RunTime:0.0030s ]
SQL: SELECT COUNT(*) AS tp_count FROM newt_category category LEFT JOIN newt_model model ON category.modelid = model.id WHERE category.pid = 0 AND category.type = 0 LIMIT 1   [ RunTime:0.0000s ]
SQL: SELECT category.id AS id,category.name AS name,category.ename AS ename,category.catpic AS catpic,category.pid AS pid,category.modelid AS modelid,category.type AS type,category.seotitle AS seotitle,category.keywords AS keywords,category.description AS description,category.template_category AS template_category,category.template_list AS template_list,category.template_show AS template_show,category.status AS status,category.sort AS sort,model.name AS modelname,model.tablename AS tablename FROM newt_category category LEFT JOIN newt_model model ON category.modelid = model.id WHERE category.pid = 0 AND category.type = 0 ORDER BY category.sort ASC,category.id ASC  [ RunTime:0.0000s ]

