[ 2017-05-24T17:33:39+08:00 ] 192.168.0.148 /caiyang/newteng.php?s=/Login/login
INFO: [ app_begin ] --START--
INFO: Run Behavior\ReadHtmlCacheBehavior [ RunTime:0.000000s ]
INFO: [ app_begin ] --END-- [ RunTime:0.000000s ]
SQL: SHOW COLUMNS FROM `newt_admin` [ RunTime:0.1650s ]
SQL: SELECT * FROM `newt_admin` WHERE `username` = 'newteng' LIMIT 1   [ RunTime:0.0000s ]
SQL: UPDATE `newt_admin` SET `logintime`='1495618419',`loginip`='192.168.0.148' WHERE `id` = 1 [ RunTime:0.0000s ]
SQL: SHOW COLUMNS FROM `newt_role_user` [ RunTime:0.0530s ]
SQL: SELECT `role_id` FROM `newt_role_user` WHERE `user_id` = '1' LIMIT 1   [ RunTime:0.0000s ]

[ 2017-05-24T17:33:40+08:00 ] 192.168.0.148 /caiyang/newteng.php?s=/Index/getParentCate&pid=0&rnd=94205
INFO: [ app_begin ] --START--
INFO: Run Behavior\ReadHtmlCacheBehavior [ RunTime:0.000000s ]
INFO: [ app_begin ] --END-- [ RunTime:0.000000s ]
SQL: SHOW COLUMNS FROM `newt_category` [ RunTime:0.0040s ]
SQL: SHOW COLUMNS FROM `newt_model` [ RunTime:0.0100s ]
SQL: SELECT COUNT(*) AS tp_count FROM newt_category category LEFT JOIN newt_model model ON category.modelid = model.id WHERE category.pid = 0 AND category.type = 0 LIMIT 1   [ RunTime:0.0010s ]
SQL: SELECT category.id AS id,category.name AS name,category.ename AS ename,category.catpic AS catpic,category.pid AS pid,category.modelid AS modelid,category.type AS type,category.seotitle AS seotitle,category.keywords AS keywords,category.description AS description,category.template_category AS template_category,category.template_list AS template_list,category.template_show AS template_show,category.status AS status,category.sort AS sort,model.name AS modelname,model.tablename AS tablename FROM newt_category category LEFT JOIN newt_model model ON category.modelid = model.id WHERE category.pid = 0 AND category.type = 0 ORDER BY category.sort ASC,category.id ASC  [ RunTime:0.0020s ]

[ 2017-05-24T17:52:12+08:00 ] ::1 /caiyang/newteng.php?s=/Index/getParentCate&pid=0&rnd=83093
INFO: [ app_begin ] --START--
INFO: Run Behavior\ReadHtmlCacheBehavior [ RunTime:0.000000s ]
INFO: [ app_begin ] --END-- [ RunTime:0.001000s ]
SQL: SHOW COLUMNS FROM `newt_category` [ RunTime:0.0050s ]
SQL: SHOW COLUMNS FROM `newt_model` [ RunTime:0.0120s ]
SQL: SELECT COUNT(*) AS tp_count FROM newt_category category LEFT JOIN newt_model model ON category.modelid = model.id WHERE category.pid = 0 AND category.type = 0 LIMIT 1   [ RunTime:0.0000s ]
SQL: SELECT category.id AS id,category.name AS name,category.ename AS ename,category.catpic AS catpic,category.pid AS pid,category.modelid AS modelid,category.type AS type,category.seotitle AS seotitle,category.keywords AS keywords,category.description AS description,category.template_category AS template_category,category.template_list AS template_list,category.template_show AS template_show,category.status AS status,category.sort AS sort,model.name AS modelname,model.tablename AS tablename FROM newt_category category LEFT JOIN newt_model model ON category.modelid = model.id WHERE category.pid = 0 AND category.type = 0 ORDER BY category.sort ASC,category.id ASC  [ RunTime:0.0010s ]

[ 2017-05-24T17:53:07+08:00 ] ::1 /caiyang/newteng.php?s=/Public/upload/img_flag/1
INFO: [ app_begin ] --START--
INFO: Run Behavior\ReadHtmlCacheBehavior [ RunTime:0.001000s ]
INFO: [ app_begin ] --END-- [ RunTime:0.001000s ]
NOTIC: [2] call_user_func() expects parameter 1 to be a valid callback, no array or string given E:\phpStudy\WWW\caiyang\Include\Library\Think\Upload.class.php 第 170 行.
SQL: SHOW COLUMNS FROM `newt_attachment` [ RunTime:0.0170s ]
SQL: INSERT INTO `newt_attachment` (`filepath`,`title`,`haslitpic`,`filetype`,`filesize`,`uploadtime`,`aid`) VALUES ('img1/20170524/59255803cd063.jpg','yhs.jpg','1','1','30954','1495619587','1') [ RunTime:0.0000s ]
INFO: [ app_end ] --START--
INFO: Run Behavior\ShowPageTraceBehavior [ RunTime:0.001000s ]
INFO: [ app_end ] --END-- [ RunTime:0.001000s ]

