[ 2017-05-25T12:02:44+08:00 ] ::1 /caiyang/Public/Home/caiyang/css/bootstrap.min.css.map
ERR: 模板不存在:./Public/Home/caiyang/Public_./Public/Home/caiyang/404.html.html

[ 2017-05-25T12:03:37+08:00 ] ::1 /caiyang/Public/Home/caiyang/css/bootstrap.min.css.map
ERR: 模板不存在:./Public/Home/caiyang/Public_./Public/Home/caiyang/404.html.html

[ 2017-05-25T12:03:38+08:00 ] ::1 /caiyang/Public/Home/caiyang/css/bootstrap.min.css.map
ERR: 模板不存在:./Public/Home/caiyang/Public_./Public/Home/caiyang/404.html.html

[ 2017-05-25T12:03:52+08:00 ] ::1 /caiyang/Public/Home/caiyang/css/bootstrap.min.css.map
ERR: 模板不存在:./Public/Home/caiyang/Public_./Public/Home/caiyang/404.html.html

[ 2017-05-25T12:04:12+08:00 ] ::1 /caiyang/Public/Home/caiyang/css/bootstrap.min.css.map
ERR: 模板不存在:./Public/Home/caiyang/Public_./Public/Home/caiyang/404.html.html

[ 2017-05-25T12:05:23+08:00 ] ::1 /caiyang/Public/Home/caiyang/css/bootstrap.min.css.map
ERR: 模板不存在:./Public/Home/caiyang/Public_./Public/Home/caiyang/404.html.html

[ 2017-05-25T12:05:36+08:00 ] ::1 /caiyang/Public/Home/caiyang/css/bootstrap.min.css.map
ERR: 模板不存在:./Public/Home/caiyang/Public_./Public/Home/caiyang/404.html.html

[ 2017-05-25T13:37:32+08:00 ] ::1 /caiyang/Public/Home/caiyang/css/bootstrap.min.css.map
ERR: 模板不存在:./Public/Home/caiyang/Public_./Public/Home/caiyang/404.html.html

[ 2017-05-25T13:37:33+08:00 ] ::1 /caiyang/Public/Home/caiyang/css/bootstrap.min.css.map
ERR: 模板不存在:./Public/Home/caiyang/Public_./Public/Home/caiyang/404.html.html

[ 2017-05-25T13:37:34+08:00 ] ::1 /caiyang/Public/Home/caiyang/css/bootstrap.min.css.map
ERR: 模板不存在:./Public/Home/caiyang/Public_./Public/Home/caiyang/404.html.html

[ 2017-05-25T14:37:06+08:00 ] ::1 /caiyang/Public/Home/caiyang/css/bootstrap.min.css.map
ERR: 模板不存在:./Public/Home/caiyang/Public_./Public/Home/caiyang/404.html.html

[ 2017-05-25T15:13:12+08:00 ] ::1 /caiyang/Public/Home/caiyang/css/bootstrap.min.css.map
ERR: 模板不存在:./Public/Home/caiyang/Public_./Public/Home/caiyang/404.html.html

[ 2017-05-25T15:20:50+08:00 ] ::1 /caiyang/Public/Home/caiyang/css/bootstrap.min.css.map
ERR: 模板不存在:./Public/Home/caiyang/Public_./Public/Home/caiyang/404.html.html

[ 2017-05-25T15:21:28+08:00 ] ::1 /caiyang/Public/Home/caiyang/css/bootstrap.min.css.map
ERR: 模板不存在:./Public/Home/caiyang/Public_./Public/Home/caiyang/404.html.html

[ 2017-05-25T15:24:28+08:00 ] ::1 /caiyang/Public/Home/caiyang/css/bootstrap.min.css.map
ERR: 模板不存在:./Public/Home/caiyang/Public_./Public/Home/caiyang/404.html.html

[ 2017-05-25T15:27:30+08:00 ] ::1 /caiyang/Public/Home/caiyang/css/bootstrap.min.css.map
ERR: 模板不存在:./Public/Home/caiyang/Public_./Public/Home/caiyang/404.html.html

[ 2017-05-25T15:27:55+08:00 ] ::1 /caiyang/Public/Home/caiyang/css/bootstrap.min.css.map
ERR: 模板不存在:./Public/Home/caiyang/Public_./Public/Home/caiyang/404.html.html

[ 2017-05-25T15:46:15+08:00 ] ::1 /caiyang/1835591342
ERR: 模板不存在:./Public/Home/caiyang/1835591342_./Public/Home/caiyang/404.html.html

[ 2017-05-25T15:46:41+08:00 ] ::1 /caiyang/Service@LeadTo.com.cn
ERR: 模板不存在:./Public/Home/caiyang/Service@LeadTo.com.cn_./Public/Home/caiyang/404.html.html

[ 2017-05-25T15:46:41+08:00 ] ::1 /caiyang/Service@LeadTo.com.cn
ERR: 模板不存在:./Public/Home/caiyang/Service@LeadTo.com.cn_./Public/Home/caiyang/404.html.html

[ 2017-05-25T16:44:39+08:00 ] ::1 /caiyang/Public/Home/caiyang/css/bootstrap.min.css.map
ERR: 模板不存在:./Public/Home/caiyang/Public_./Public/Home/caiyang/404.html.html

[ 2017-05-25T16:47:41+08:00 ] ::1 /caiyang/Public/Home/caiyang/css/bootstrap.min.css.map
ERR: 模板不存在:./Public/Home/caiyang/Public_./Public/Home/caiyang/404.html.html

[ 2017-05-25T16:48:24+08:00 ] ::1 /caiyang/Public/Home/caiyang/css/bootstrap.min.css.map
ERR: 模板不存在:./Public/Home/caiyang/Public_./Public/Home/caiyang/404.html.html

[ 2017-05-25T16:49:27+08:00 ] ::1 /caiyang/Public/Home/caiyang/css/bootstrap.min.css.map
ERR: 模板不存在:./Public/Home/caiyang/Public_./Public/Home/caiyang/404.html.html

[ 2017-05-25T16:53:51+08:00 ] ::1 /caiyang/Public/Home/caiyang/css/bootstrap.min.css.map
ERR: 模板不存在:./Public/Home/caiyang/Public_./Public/Home/caiyang/404.html.html

[ 2017-05-25T16:54:23+08:00 ] ::1 /caiyang/Public/Home/caiyang/css/bootstrap.min.css.map
ERR: 模板不存在:./Public/Home/caiyang/Public_./Public/Home/caiyang/404.html.html

[ 2017-05-25T16:54:39+08:00 ] ::1 /caiyang/Public/Home/caiyang/css/bootstrap.min.css.map
ERR: 模板不存在:./Public/Home/caiyang/Public_./Public/Home/caiyang/404.html.html

[ 2017-05-25T16:58:16+08:00 ] ::1 /caiyang/Public/Home/caiyang/css/bootstrap.min.css.map
ERR: 模板不存在:./Public/Home/caiyang/Public_./Public/Home/caiyang/404.html.html

[ 2017-05-25T17:07:29+08:00 ] ::1 /caiyang/Public/Home/caiyang/css/bootstrap.min.css.map
ERR: 模板不存在:./Public/Home/caiyang/Public_./Public/Home/caiyang/404.html.html

[ 2017-05-25T17:24:28+08:00 ] 192.168.0.149 /caiyang/Public/Home/caiyang/css/bootstrap.min.css.map
ERR: 模板不存在:./Public/Home/caiyang/Public_./Public/Home/caiyang/404.html.html

[ 2017-05-25T17:25:02+08:00 ] 192.168.0.149 /caiyang/Public/Home/caiyang/css/bootstrap.min.css.map
ERR: 模板不存在:./Public/Home/caiyang/Public_./Public/Home/caiyang/404.html.html

[ 2017-05-25T17:25:03+08:00 ] 192.168.0.149 /caiyang/Public/Home/caiyang/css/bootstrap.min.css.map
ERR: 模板不存在:./Public/Home/caiyang/Public_./Public/Home/caiyang/404.html.html

[ 2017-05-25T17:25:07+08:00 ] 192.168.0.149 /caiyang/Public/Home/caiyang/css/bootstrap.min.css.map
ERR: 模板不存在:./Public/Home/caiyang/Public_./Public/Home/caiyang/404.html.html

[ 2017-05-25T17:26:20+08:00 ] 192.168.0.149 /caiyang/Public/Home/caiyang/css/bootstrap.min.css.map
ERR: 模板不存在:./Public/Home/caiyang/Public_./Public/Home/caiyang/404.html.html

[ 2017-05-25T17:28:33+08:00 ] 192.168.0.149 /caiyang/Public/Home/caiyang/css/bootstrap.min.css.map
ERR: 模板不存在:./Public/Home/caiyang/Public_./Public/Home/caiyang/404.html.html

[ 2017-05-25T17:29:27+08:00 ] 192.168.0.149 /caiyang/Public/Home/caiyang/css/bootstrap.min.css.map
ERR: 模板不存在:./Public/Home/caiyang/Public_./Public/Home/caiyang/404.html.html

[ 2017-05-25T17:30:59+08:00 ] 192.168.0.149 /caiyang/Public/Home/caiyang/css/bootstrap.min.css.map
ERR: 模板不存在:./Public/Home/caiyang/Public_./Public/Home/caiyang/404.html.html

[ 2017-05-25T17:32:31+08:00 ] 192.168.0.149 /caiyang/Public/Home/caiyang/css/bootstrap.min.css.map
ERR: 模板不存在:./Public/Home/caiyang/Public_./Public/Home/caiyang/404.html.html

[ 2017-05-25T17:32:38+08:00 ] 192.168.0.149 /caiyang/Public/Home/caiyang/css/bootstrap.min.css.map
ERR: 模板不存在:./Public/Home/caiyang/Public_./Public/Home/caiyang/404.html.html

[ 2017-05-25T17:33:11+08:00 ] 192.168.0.149 /caiyang/Public/Home/caiyang/css/bootstrap.min.css.map
ERR: 模板不存在:./Public/Home/caiyang/Public_./Public/Home/caiyang/404.html.html

[ 2017-05-25T17:34:22+08:00 ] 192.168.0.149 /caiyang/Public/Home/caiyang/css/bootstrap.min.css.map
ERR: 模板不存在:./Public/Home/caiyang/Public_./Public/Home/caiyang/404.html.html

[ 2017-05-25T17:34:27+08:00 ] 192.168.0.149 /caiyang/Public/Home/caiyang/css/bootstrap.min.css.map
ERR: 模板不存在:./Public/Home/caiyang/Public_./Public/Home/caiyang/404.html.html

[ 2017-05-25T17:35:54+08:00 ] 192.168.0.149 /caiyang/Public/Home/caiyang/css/bootstrap.min.css.map
ERR: 模板不存在:./Public/Home/caiyang/Public_./Public/Home/caiyang/404.html.html

[ 2017-05-25T17:36:35+08:00 ] 192.168.0.149 /caiyang/Public/Home/caiyang/css/bootstrap.min.css.map
ERR: 模板不存在:./Public/Home/caiyang/Public_./Public/Home/caiyang/404.html.html

[ 2017-05-25T17:37:16+08:00 ] 192.168.0.149 /caiyang/Public/Home/caiyang/css/bootstrap.min.css.map
ERR: 模板不存在:./Public/Home/caiyang/Public_./Public/Home/caiyang/404.html.html

[ 2017-05-25T17:37:19+08:00 ] 192.168.0.149 /caiyang/Public/Home/caiyang/css/bootstrap.min.css.map
ERR: 模板不存在:./Public/Home/caiyang/Public_./Public/Home/caiyang/404.html.html

[ 2017-05-25T17:38:19+08:00 ] 192.168.0.149 /caiyang/Public/Home/caiyang/css/bootstrap.min.css.map
ERR: 模板不存在:./Public/Home/caiyang/Public_./Public/Home/caiyang/404.html.html

[ 2017-05-25T17:39:01+08:00 ] 192.168.0.149 /caiyang/Public/Home/caiyang/css/bootstrap.min.css.map
ERR: 模板不存在:./Public/Home/caiyang/Public_./Public/Home/caiyang/404.html.html

[ 2017-05-25T17:39:38+08:00 ] 192.168.0.149 /caiyang/Public/Home/caiyang/css/bootstrap.min.css.map
ERR: 模板不存在:./Public/Home/caiyang/Public_./Public/Home/caiyang/404.html.html

[ 2017-05-25T17:55:45+08:00 ] 192.168.0.193 /caiyang/Public/Home/caiyang/css/bootstrap.min.css.map
ERR: 模板不存在:./Public/Home/caiyang/Public_./Public/Home/caiyang/404.html.html

